<?xml version="1.0" encoding="UTF-8"?>
<!-- Generated by org.testng.reporters.JUnitReportReporter -->
<testsuite hostname="DESKTOP-R0NO93M" failures="0" tests="1" name="TestCases.LoginWithValidCredentialsTest" time="7.265" errors="0" timestamp="2022-07-09T22:52:51 IST" skipped="0">
  <testcase classname="TestCases.LoginWithValidCredentialsTest" name="LoginWithValidCredentials" time="7.265"/>
  <system-out/>
</testsuite> <!-- TestCases.LoginWithValidCredentialsTest -->
