<?xml version="1.0" encoding="UTF-8"?>
<!-- Generated by org.testng.reporters.JUnitReportReporter -->
<testsuite hostname="DESKTOP-R0NO93M" failures="0" tests="1" name="UIAssignment.LoginDemo.AppTest" time="0.001" errors="0" timestamp="2022-07-09T23:13:39 IST" skipped="0">
  <testcase classname="UIAssignment.LoginDemo.AppTest" name="shouldAnswerWithTrue" time="0.001"/>
  <system-out/>
</testsuite> <!-- UIAssignment.LoginDemo.AppTest -->
