<?xml version="1.0" encoding="UTF-8"?>
<!-- Generated by org.testng.reporters.JUnitReportReporter -->
<testsuite hostname="DESKTOP-R0NO93M" failures="0" tests="1" name="TestCases.LoginAndLogoutTest" time="20.682" errors="0" timestamp="2022-07-10T23:20:32 IST" skipped="0">
  <testcase classname="TestCases.LoginAndLogoutTest" name="LoginAndLogout" time="20.682"/>
  <system-out/>
</testsuite> <!-- TestCases.LoginAndLogoutTest -->
