<?xml version="1.0" encoding="UTF-8"?>
<!-- Generated by org.testng.reporters.JUnitReportReporter -->
<testsuite hostname="DESKTOP-R0NO93M" failures="0" tests="1" name="TestCases.LoginAndLogoutTest" time="17.658" errors="0" timestamp="2022-07-10T21:47:47 IST" skipped="0">
  <testcase classname="TestCases.LoginAndLogoutTest" name="LoginAndLogout" time="17.658"/>
  <system-out/>
</testsuite> <!-- TestCases.LoginAndLogoutTest -->
